app          2019-10-18 15:37:02,631 level-ERROR    thread-2044     Exception on /getEmotionStreamJson/ [GET]
Traceback (most recent call last):
  File "C:\Users\admin\.conda\envs\faceCD\lib\site-packages\flask\app.py", line 2446, in wsgi_app
    response = self.full_dispatch_request()
  File "C:\Users\admin\.conda\envs\faceCD\lib\site-packages\flask\app.py", line 1951, in full_dispatch_request
    rv = self.handle_user_exception(e)
  File "C:\Users\admin\.conda\envs\faceCD\lib\site-packages\flask\app.py", line 1820, in handle_user_exception
    reraise(exc_type, exc_value, tb)
  File "C:\Users\admin\.conda\envs\faceCD\lib\site-packages\flask\_compat.py", line 39, in reraise
    raise value
  File "C:\Users\admin\.conda\envs\faceCD\lib\site-packages\flask\app.py", line 1949, in full_dispatch_request
    rv = self.dispatch_request()
  File "C:\Users\admin\.conda\envs\faceCD\lib\site-packages\flask\app.py", line 1935, in dispatch_request
    return self.view_functions[rule.endpoint](**req.view_args)
  File "C:\Users\admin\PycharmProjects\FERHttpService\app.py", line 112, in get_emotion_stream_json
    cpu_num = int(request.args.get('cpu_num'))
TypeError: int() argument must be a string, a bytes-like object or a number, not 'NoneType'
app          2019-10-18 15:37:42,924 level-ERROR    thread-19760    Exception on /getEmotionStreamJson/ [GET]
Traceback (most recent call last):
  File "C:\Users\admin\.conda\envs\faceCD\lib\site-packages\flask\app.py", line 2446, in wsgi_app
    response = self.full_dispatch_request()
  File "C:\Users\admin\.conda\envs\faceCD\lib\site-packages\flask\app.py", line 1951, in full_dispatch_request
    rv = self.handle_user_exception(e)
  File "C:\Users\admin\.conda\envs\faceCD\lib\site-packages\flask\app.py", line 1820, in handle_user_exception
    reraise(exc_type, exc_value, tb)
  File "C:\Users\admin\.conda\envs\faceCD\lib\site-packages\flask\_compat.py", line 39, in reraise
    raise value
  File "C:\Users\admin\.conda\envs\faceCD\lib\site-packages\flask\app.py", line 1949, in full_dispatch_request
    rv = self.dispatch_request()
  File "C:\Users\admin\.conda\envs\faceCD\lib\site-packages\flask\app.py", line 1935, in dispatch_request
    return self.view_functions[rule.endpoint](**req.view_args)
  File "C:\Users\admin\PycharmProjects\FERHttpService\app.py", line 112, in get_emotion_stream_json
    cpu_num = int(request.args.get('cpu_num'))
TypeError: int() argument must be a string, a bytes-like object or a number, not 'NoneType'
app          2019-10-18 15:38:23,844 level-ERROR    thread-4768     Exception on /getEmotionStreamJson/ [GET]
Traceback (most recent call last):
  File "C:\Users\admin\.conda\envs\faceCD\lib\site-packages\flask\app.py", line 2446, in wsgi_app
    response = self.full_dispatch_request()
  File "C:\Users\admin\.conda\envs\faceCD\lib\site-packages\flask\app.py", line 1951, in full_dispatch_request
    rv = self.handle_user_exception(e)
  File "C:\Users\admin\.conda\envs\faceCD\lib\site-packages\flask\app.py", line 1820, in handle_user_exception
    reraise(exc_type, exc_value, tb)
  File "C:\Users\admin\.conda\envs\faceCD\lib\site-packages\flask\_compat.py", line 39, in reraise
    raise value
  File "C:\Users\admin\.conda\envs\faceCD\lib\site-packages\flask\app.py", line 1949, in full_dispatch_request
    rv = self.dispatch_request()
  File "C:\Users\admin\.conda\envs\faceCD\lib\site-packages\flask\app.py", line 1935, in dispatch_request
    return self.view_functions[rule.endpoint](**req.view_args)
  File "C:\Users\admin\PycharmProjects\FERHttpService\app.py", line 112, in get_emotion_stream_json
    cpu_num = int(request.args.get('cpu_num'))
TypeError: int() argument must be a string, a bytes-like object or a number, not 'NoneType'
app          2019-10-18 15:39:35,593 level-INFO     thread-8028     get_emotion_stream_json()---> url:ff
app          2019-10-18 15:39:35,594 level-WARNING  thread-8028     get_emotion_stream_json()---> url:http://localhost:8080/getEmotionStreamJson/?video_path=ff&interval_ms=11&cpu_num=1 msg:文件不存在
app          2019-10-18 15:40:21,722 level-INFO     thread-4808     get_emotion_stream_json()---> url:C:\Users\admin\Videos\cases\case6
app          2019-10-18 15:40:21,722 level-WARNING  thread-4808     get_emotion_stream_json()---> url:http://localhost:8080/getEmotionStreamJson/?video_path=C%3A%5CUsers%5Cadmin%5CVideos%5Ccases%5Ccase6&interval_ms=1000&cpu_num=1 msg:文件不存在
app          2019-10-18 15:40:54,533 level-INFO     thread-1028     get_emotion_stream_json()---> url:C:\Users\admin\Videos\cases\case6.mp4
app          2019-10-18 17:13:18,335 level-ERROR    thread-15820    Exception on /getEmotionStreamJson/ [POST]
Traceback (most recent call last):
  File "C:\Users\admin\.conda\envs\faceCD\lib\site-packages\flask\app.py", line 2446, in wsgi_app
    response = self.full_dispatch_request()
  File "C:\Users\admin\.conda\envs\faceCD\lib\site-packages\flask\app.py", line 1951, in full_dispatch_request
    rv = self.handle_user_exception(e)
  File "C:\Users\admin\.conda\envs\faceCD\lib\site-packages\flask\app.py", line 1820, in handle_user_exception
    reraise(exc_type, exc_value, tb)
  File "C:\Users\admin\.conda\envs\faceCD\lib\site-packages\flask\_compat.py", line 39, in reraise
    raise value
  File "C:\Users\admin\.conda\envs\faceCD\lib\site-packages\flask\app.py", line 1949, in full_dispatch_request
    rv = self.dispatch_request()
  File "C:\Users\admin\.conda\envs\faceCD\lib\site-packages\flask\app.py", line 1935, in dispatch_request
    return self.view_functions[rule.endpoint](**req.view_args)
  File "C:\Users\admin\PycharmProjects\FERHttpService\app.py", line 173, in get_emotion_stream_json
    print(json.loads(data))
  File "C:\Users\admin\.conda\envs\faceCD\lib\json\__init__.py", line 348, in loads
    'not {!r}'.format(s.__class__.__name__))
TypeError: the JSON object must be str, bytes or bytearray, not 'dict'
app          2019-10-18 17:13:55,226 level-ERROR    thread-14468    Exception on /getEmotionStreamJson/ [POST]
Traceback (most recent call last):
  File "C:\Users\admin\.conda\envs\faceCD\lib\site-packages\flask\app.py", line 2446, in wsgi_app
    response = self.full_dispatch_request()
  File "C:\Users\admin\.conda\envs\faceCD\lib\site-packages\flask\app.py", line 1951, in full_dispatch_request
    rv = self.handle_user_exception(e)
  File "C:\Users\admin\.conda\envs\faceCD\lib\site-packages\flask\app.py", line 1820, in handle_user_exception
    reraise(exc_type, exc_value, tb)
  File "C:\Users\admin\.conda\envs\faceCD\lib\site-packages\flask\_compat.py", line 39, in reraise
    raise value
  File "C:\Users\admin\.conda\envs\faceCD\lib\site-packages\flask\app.py", line 1949, in full_dispatch_request
    rv = self.dispatch_request()
  File "C:\Users\admin\.conda\envs\faceCD\lib\site-packages\flask\app.py", line 1935, in dispatch_request
    return self.view_functions[rule.endpoint](**req.view_args)
  File "C:\Users\admin\PycharmProjects\FERHttpService\app.py", line 173, in get_emotion_stream_json
    print(json.loads(data))
  File "C:\Users\admin\.conda\envs\faceCD\lib\json\__init__.py", line 354, in loads
    return _default_decoder.decode(s)
  File "C:\Users\admin\.conda\envs\faceCD\lib\json\decoder.py", line 339, in decode
    obj, end = self.raw_decode(s, idx=_w(s, 0).end())
  File "C:\Users\admin\.conda\envs\faceCD\lib\json\decoder.py", line 355, in raw_decode
    obj, end = self.scan_once(s, idx)
json.decoder.JSONDecodeError: Expecting property name enclosed in double quotes: line 1 column 2 (char 1)
app          2019-10-18 17:14:50,456 level-ERROR    thread-16592    Exception on /getEmotionStreamJson/ [POST]
Traceback (most recent call last):
  File "C:\Users\admin\.conda\envs\faceCD\lib\site-packages\flask\app.py", line 2446, in wsgi_app
    response = self.full_dispatch_request()
  File "C:\Users\admin\.conda\envs\faceCD\lib\site-packages\flask\app.py", line 1951, in full_dispatch_request
    rv = self.handle_user_exception(e)
  File "C:\Users\admin\.conda\envs\faceCD\lib\site-packages\flask\app.py", line 1820, in handle_user_exception
    reraise(exc_type, exc_value, tb)
  File "C:\Users\admin\.conda\envs\faceCD\lib\site-packages\flask\_compat.py", line 39, in reraise
    raise value
  File "C:\Users\admin\.conda\envs\faceCD\lib\site-packages\flask\app.py", line 1949, in full_dispatch_request
    rv = self.dispatch_request()
  File "C:\Users\admin\.conda\envs\faceCD\lib\site-packages\flask\app.py", line 1935, in dispatch_request
    return self.view_functions[rule.endpoint](**req.view_args)
  File "C:\Users\admin\PycharmProjects\FERHttpService\app.py", line 174, in get_emotion_stream_json
    print(json.loads(data))
  File "C:\Users\admin\.conda\envs\faceCD\lib\json\__init__.py", line 354, in loads
    return _default_decoder.decode(s)
  File "C:\Users\admin\.conda\envs\faceCD\lib\json\decoder.py", line 339, in decode
    obj, end = self.raw_decode(s, idx=_w(s, 0).end())
  File "C:\Users\admin\.conda\envs\faceCD\lib\json\decoder.py", line 355, in raw_decode
    obj, end = self.scan_once(s, idx)
json.decoder.JSONDecodeError: Expecting property name enclosed in double quotes: line 1 column 2 (char 1)
app          2019-10-18 17:17:15,744 level-ERROR    thread-2444     Exception on /getEmotionStreamJson/ [POST]
Traceback (most recent call last):
  File "C:\Users\admin\.conda\envs\faceCD\lib\site-packages\flask\app.py", line 2446, in wsgi_app
    response = self.full_dispatch_request()
  File "C:\Users\admin\.conda\envs\faceCD\lib\site-packages\flask\app.py", line 1951, in full_dispatch_request
    rv = self.handle_user_exception(e)
  File "C:\Users\admin\.conda\envs\faceCD\lib\site-packages\flask\app.py", line 1820, in handle_user_exception
    reraise(exc_type, exc_value, tb)
  File "C:\Users\admin\.conda\envs\faceCD\lib\site-packages\flask\_compat.py", line 39, in reraise
    raise value
  File "C:\Users\admin\.conda\envs\faceCD\lib\site-packages\flask\app.py", line 1949, in full_dispatch_request
    rv = self.dispatch_request()
  File "C:\Users\admin\.conda\envs\faceCD\lib\site-packages\flask\app.py", line 1935, in dispatch_request
    return self.view_functions[rule.endpoint](**req.view_args)
  File "C:\Users\admin\PycharmProjects\FERHttpService\app.py", line 174, in get_emotion_stream_json
    print(json.loads(data)['cpuNum'])
  File "C:\Users\admin\.conda\envs\faceCD\lib\json\__init__.py", line 348, in loads
    'not {!r}'.format(s.__class__.__name__))
TypeError: the JSON object must be str, bytes or bytearray, not 'dict'
app          2019-10-18 17:31:04,055 level-ERROR    thread-4408     Exception on /getEmotionStreamJson/ [POST]
Traceback (most recent call last):
  File "C:\Users\admin\.conda\envs\faceCD\lib\site-packages\flask\app.py", line 2446, in wsgi_app
    response = self.full_dispatch_request()
  File "C:\Users\admin\.conda\envs\faceCD\lib\site-packages\flask\app.py", line 1951, in full_dispatch_request
    rv = self.handle_user_exception(e)
  File "C:\Users\admin\.conda\envs\faceCD\lib\site-packages\flask\app.py", line 1820, in handle_user_exception
    reraise(exc_type, exc_value, tb)
  File "C:\Users\admin\.conda\envs\faceCD\lib\site-packages\flask\_compat.py", line 39, in reraise
    raise value
  File "C:\Users\admin\.conda\envs\faceCD\lib\site-packages\flask\app.py", line 1949, in full_dispatch_request
    rv = self.dispatch_request()
  File "C:\Users\admin\.conda\envs\faceCD\lib\site-packages\flask\app.py", line 1935, in dispatch_request
    return self.view_functions[rule.endpoint](**req.view_args)
  File "C:\Users\admin\PycharmProjects\FERHttpService\app.py", line 174, in get_emotion_stream_json
    print(json.loads(data)['cpuNum'])
  File "C:\Users\admin\.conda\envs\faceCD\lib\json\__init__.py", line 354, in loads
    return _default_decoder.decode(s)
  File "C:\Users\admin\.conda\envs\faceCD\lib\json\decoder.py", line 339, in decode
    obj, end = self.raw_decode(s, idx=_w(s, 0).end())
  File "C:\Users\admin\.conda\envs\faceCD\lib\json\decoder.py", line 355, in raw_decode
    obj, end = self.scan_once(s, idx)
json.decoder.JSONDecodeError: Expecting property name enclosed in double quotes: line 1 column 2 (char 1)
app          2019-10-18 20:07:40,785 level-ERROR    thread-8256     Exception on /getEmotionStreamJson/ [POST]
Traceback (most recent call last):
  File "C:\Users\admin\.conda\envs\faceCD\lib\site-packages\flask\app.py", line 2446, in wsgi_app
    response = self.full_dispatch_request()
  File "C:\Users\admin\.conda\envs\faceCD\lib\site-packages\flask\app.py", line 1951, in full_dispatch_request
    rv = self.handle_user_exception(e)
  File "C:\Users\admin\.conda\envs\faceCD\lib\site-packages\flask\app.py", line 1820, in handle_user_exception
    reraise(exc_type, exc_value, tb)
  File "C:\Users\admin\.conda\envs\faceCD\lib\site-packages\flask\_compat.py", line 39, in reraise
    raise value
  File "C:\Users\admin\.conda\envs\faceCD\lib\site-packages\flask\app.py", line 1949, in full_dispatch_request
    rv = self.dispatch_request()
  File "C:\Users\admin\.conda\envs\faceCD\lib\site-packages\flask\app.py", line 1935, in dispatch_request
    return self.view_functions[rule.endpoint](**req.view_args)
  File "C:\Users\admin\PycharmProjects\FERHttpService\app.py", line 173, in get_emotion_stream_json
    parameters = json.loads(data)
  File "C:\Users\admin\.conda\envs\faceCD\lib\json\__init__.py", line 354, in loads
    return _default_decoder.decode(s)
  File "C:\Users\admin\.conda\envs\faceCD\lib\json\decoder.py", line 339, in decode
    obj, end = self.raw_decode(s, idx=_w(s, 0).end())
  File "C:\Users\admin\.conda\envs\faceCD\lib\json\decoder.py", line 355, in raw_decode
    obj, end = self.scan_once(s, idx)
json.decoder.JSONDecodeError: Invalid \escape: line 7 column 19 (char 105)
app          2019-10-18 20:08:00,872 level-INFO     thread-10484    get_emotion_stream_json()---> url:C:\Users\admin\Videos\cases\case6.mp4
app          2019-10-18 20:08:05,412 level-ERROR    thread-10484    get_emotion_stream_json()---> url:http://localhost:8080/getEmotionStreamJson/ error:("Object of type 'FrameEmotion' is not JSON serializable",)
app          2019-10-18 20:23:30,741 level-INFO     thread-10960    get_emotion_stream_json()---> url:C:\Users\admin\Videos\cases\case6.mp4
app          2019-10-18 20:23:30,793 level-ERROR    thread-10960    get_emotion_stream_json()---> url:http://localhost:8080/getEmotionStreamJson/ error:("'tuple' object has no attribute 'tolist'",)
app          2019-10-18 20:26:14,445 level-INFO     thread-17456    get_emotion_stream_json()---> url:C:\Users\admin\Videos\cases\case6.mp4
app          2019-10-18 20:26:14,502 level-ERROR    thread-17456    get_emotion_stream_json()---> url:http://localhost:8080/getEmotionStreamJson/ error:("'NoneType' object has no attribute 'tolist'",)
app          2019-10-18 20:45:47,836 level-INFO     thread-18424    get_emotion_stream_json()---> url:C:\Users\admin\Videos\cases\case6.mp4
app          2019-10-18 20:46:13,939 level-INFO     thread-8168     get_emotion_stream_json()---> url:C:\Users\admin\Videos\cases\case6.mp4
app          2019-10-18 20:49:06,538 level-INFO     thread-10796    get_emotion_stream_json()---> url:C:\Users\admin\Videos\cases\case6.mp4
app          2019-10-18 20:49:27,312 level-INFO     thread-17476    get_emotion_stream_json()---> url:C:\Users\admin\Videos\cases\case6.mp4
app          2019-10-18 20:53:09,972 level-INFO     thread-18288    get_emotion_stream_json()---> url:C:\Users\admin\Videos\cases\case6.mp4
app          2019-10-18 20:53:29,340 level-INFO     thread-19360    get_emotion_stream_json()---> url:C:\Users\admin\Videos\cases\case6.mp4
app          2019-10-18 20:54:40,157 level-INFO     thread-18084    get_emotion_stream_json()---> url:C:\Users\admin\Videos\cases\case6.mp4
app          2019-10-18 20:54:52,368 level-INFO     thread-19716    get_emotion_stream_json()---> url:C:\Users\admin\Videos\cases\case6.mp4
app          2019-10-18 21:04:08,504 level-INFO     thread-3692     get_emotion_stream_json()---> url:http://localhost:8080/getEmotionStreamJson/ request data:b'{\n  "beginMs": 1000,\n  "cpuNum": 3,\n  "endMs": 30000,\n  "intervalMs": 250,\n  "modelNum": 0,\n  "videoPath": "C:\\\\Users\\\\admin\\\\Videos\\\\cases\\\\case6.mp4"\n}'
app          2019-10-18 21:04:42,257 level-INFO     thread-1864     get_emotion_stream_json()---> url:http://localhost:8080/getEmotionStreamJson/ request data:b'{\n  "beginMs": 1000,\n  "cpuNum": 3,\n  "endMs": 30000,\n  "intervalMs": 250,\n  "modelNum": 0,\n  "videoPath": "C:/Users/admin/Videos/cases/case6.mp4"\n}'
